<?xml version="1.0" encoding="UTF-8"?>
<testng-results ignored="0" total="1" passed="1" failed="0" skipped="0">
  <reporter-output>
  </reporter-output>
  <suite started-at="2020-11-20T18:39:21 IST" name="Default suite" finished-at="2020-11-20T18:39:41 IST" duration-ms="20253">
    <groups>
    </groups>
    <test started-at="2020-11-20T18:39:21 IST" name="Default test" finished-at="2020-11-20T18:39:41 IST" duration-ms="20253">
      <class name="AutoPractice.Myntra.LoginMyntra">
        <test-method is-config="true" signature="chromeInitialize()[pri:0, instance:AutoPractice.Myntra.LoginMyntra@33afa13b]" started-at="2020-11-20T18:39:21 IST" name="chromeInitialize" finished-at="2020-11-20T18:39:33 IST" duration-ms="12218" status="PASS">
          <reporter-output>
          </reporter-output>
        </test-method> <!-- chromeInitialize -->
        <test-method signature="logintomyntra()[pri:0, instance:AutoPractice.Myntra.LoginMyntra@33afa13b]" started-at="2020-11-20T18:39:33 IST" name="logintomyntra" finished-at="2020-11-20T18:39:41 IST" duration-ms="7974" status="PASS">
          <reporter-output>
          </reporter-output>
        </test-method> <!-- logintomyntra -->
      </class> <!-- AutoPractice.Myntra.LoginMyntra -->
    </test> <!-- Default test -->
  </suite> <!-- Default suite -->
</testng-results>
